<?xml version="1.0" encoding="UTF-8"?>
<robot generator="Robot 7.1.1 (Python 3.13.1 on win32)" generated="2024-12-18T01:46:31.130663" rpa="false" schemaversion="5">
<suite id="s1" name="robotFrameworkDemo" source="C:\Projekte_GIT\_RobotFramework\robotFrameworkDemo">
<suite id="s1-s1" name="02 RobotDemo" source="C:\Projekte_GIT\_RobotFramework\robotFrameworkDemo\02_RobotDemo">
<suite id="s1-s1-s1" name="01 Keyword Driven" source="C:\Projekte_GIT\_RobotFramework\robotFrameworkDemo\02_RobotDemo\01_keyword_driven.robot">
<test id="s1-s1-s1-t1" name="Push button" line="17">
<kw name="Push Button" owner="CalculatorLibrary">
<arg>1</arg>
<doc>Pushes the specified ``button``.</doc>
<status status="PASS" start="2024-12-18T01:46:31.175321" elapsed="0.000890"/>
</kw>
<kw name="Result Should Be" owner="CalculatorLibrary">
<arg>1</arg>
<doc>Verifies that the current result is ``expected``.</doc>
<status status="PASS" start="2024-12-18T01:46:31.176607" elapsed="0.000395"/>
</kw>
<doc>One button gets pushed and returned value is checked</doc>
<status status="PASS" start="2024-12-18T01:46:31.173866" elapsed="0.003591"/>
</test>
<test id="s1-s1-s1-t2" name="Push multiple buttons" line="22">
<kw name="Push Button" owner="CalculatorLibrary">
<arg>1</arg>
<doc>Pushes the specified ``button``.</doc>
<status status="PASS" start="2024-12-18T01:46:31.182844" elapsed="0.000553"/>
</kw>
<kw name="Push Button" owner="CalculatorLibrary">
<arg>2</arg>
<doc>Pushes the specified ``button``.</doc>
<status status="PASS" start="2024-12-18T01:46:31.184074" elapsed="0.000532"/>
</kw>
<kw name="Result Should Be" owner="CalculatorLibrary">
<arg>12</arg>
<doc>Verifies that the current result is ``expected``.</doc>
<status status="PASS" start="2024-12-18T01:46:31.185205" elapsed="0.000986"/>
</kw>
<doc>Multiple buttons are pushed and result is checked</doc>
<status status="PASS" start="2024-12-18T01:46:31.180188" elapsed="0.006743"/>
</test>
<test id="s1-s1-s1-t3" name="Simple calculation" line="28">
<kw name="Push Button" owner="CalculatorLibrary">
<arg>1</arg>
<doc>Pushes the specified ``button``.</doc>
<status status="PASS" start="2024-12-18T01:46:31.189287" elapsed="0.000683"/>
</kw>
<kw name="Push Button" owner="CalculatorLibrary">
<arg>+</arg>
<doc>Pushes the specified ``button``.</doc>
<status status="PASS" start="2024-12-18T01:46:31.190904" elapsed="0.000465"/>
</kw>
<kw name="Push Button" owner="CalculatorLibrary">
<arg>2</arg>
<doc>Pushes the specified ``button``.</doc>
<status status="PASS" start="2024-12-18T01:46:31.191697" elapsed="0.000270"/>
</kw>
<kw name="Push Button" owner="CalculatorLibrary">
<arg>=</arg>
<doc>Pushes the specified ``button``.</doc>
<status status="PASS" start="2024-12-18T01:46:31.192165" elapsed="0.000258"/>
</kw>
<kw name="Result Should Be" owner="CalculatorLibrary">
<arg>3</arg>
<doc>Verifies that the current result is ``expected``.</doc>
<status status="PASS" start="2024-12-18T01:46:31.192759" elapsed="0.000369"/>
</kw>
<doc>Simple calculation is executed using single button pushes</doc>
<status status="PASS" start="2024-12-18T01:46:31.188273" elapsed="0.005330"/>
</test>
<test id="s1-s1-s1-t4" name="Longer calculation" line="36">
<kw name="Push Buttons" owner="CalculatorLibrary">
<arg>5 + 4 - 3 * 2 / 1 =</arg>
<doc>Pushes the specified ``buttons``.</doc>
<status status="PASS" start="2024-12-18T01:46:31.196422" elapsed="0.000462"/>
</kw>
<kw name="Result Should Be" owner="CalculatorLibrary">
<arg>3</arg>
<doc>Verifies that the current result is ``expected``.</doc>
<status status="PASS" start="2024-12-18T01:46:31.197140" elapsed="0.000310"/>
</kw>
<doc>Simple calculation is executed using Push buttons keyword</doc>
<status status="PASS" start="2024-12-18T01:46:31.195104" elapsed="0.003076"/>
</test>
<test id="s1-s1-s1-t5" name="Clear" line="41">
<kw name="Push Button" owner="CalculatorLibrary">
<arg>1</arg>
<doc>Pushes the specified ``button``.</doc>
<status status="PASS" start="2024-12-18T01:46:31.201677" elapsed="0.000529"/>
</kw>
<kw name="Push Button" owner="CalculatorLibrary">
<arg>C</arg>
<doc>Pushes the specified ``button``.</doc>
<status status="PASS" start="2024-12-18T01:46:31.202527" elapsed="0.000247"/>
</kw>
<kw name="Result Should Be" owner="CalculatorLibrary">
<arg>${EMPTY}</arg>
<doc>Verifies that the current result is ``expected``.</doc>
<status status="PASS" start="2024-12-18T01:46:31.202981" elapsed="0.000584"/>
</kw>
<doc>Clearing of output by using C buttin is checked</doc>
<status status="PASS" start="2024-12-18T01:46:31.200183" elapsed="0.003628"/>
</test>
<doc>Example test cases using the keyword-driven testing approach.

All tests contain a workflow constructed from keywords in
``CalculatorLibrary.py``. Creating new tests or editing
existing is easy even for people without programming skills.

The _keyword-driven_ appoach works well for normal test
automation, but the _gherkin_ style might be even better
if also business people need to understand tests. If the
same workflow needs to repeated multiple times, it is best
to use to the _data-driven_ approach.</doc>
<status status="PASS" start="2024-12-18T01:46:31.167432" elapsed="0.038030"/>
</suite>
<status status="PASS" start="2024-12-18T01:46:31.163771" elapsed="0.043486"/>
</suite>
<status status="PASS" start="2024-12-18T01:46:31.135050" elapsed="0.073439"/>
</suite>
<statistics>
<total>
<stat pass="5" fail="0" skip="0">All Tests</stat>
</total>
<tag>
</tag>
<suite>
<stat pass="5" fail="0" skip="0" id="s1" name="robotFrameworkDemo">robotFrameworkDemo</stat>
<stat pass="5" fail="0" skip="0" id="s1-s1" name="02 RobotDemo">robotFrameworkDemo.02 RobotDemo</stat>
<stat pass="5" fail="0" skip="0" id="s1-s1-s1" name="01 Keyword Driven">robotFrameworkDemo.02 RobotDemo.01 Keyword Driven</stat>
</suite>
</statistics>
<errors>
</errors>
</robot>
